c:\mygithub\jjm_dx11_2dgame\maplestoryengine\project\script\x64\release\script.pch
c:\mygithub\jjm_dx11_2dgame\maplestoryengine\external\library\script\script.pdb
c:\mygithub\jjm_dx11_2dgame\maplestoryengine\project\script\x64\release\caiscript.obj
c:\mygithub\jjm_dx11_2dgame\maplestoryengine\project\script\x64\release\cameraplayermovescript.obj
c:\mygithub\jjm_dx11_2dgame\maplestoryengine\project\script\x64\release\canimoncescript.obj
c:\mygithub\jjm_dx11_2dgame\maplestoryengine\project\script\x64\release\cattackstatescript.obj
c:\mygithub\jjm_dx11_2dgame\maplestoryengine\project\script\x64\release\cbackgroundscript.obj
c:\mygithub\jjm_dx11_2dgame\maplestoryengine\project\script\x64\release\cbasicballscript.obj
c:\mygithub\jjm_dx11_2dgame\maplestoryengine\project\script\x64\release\cbosshpbarscript.obj
c:\mygithub\jjm_dx11_2dgame\maplestoryengine\project\script\x64\release\cbossmonsterscript.obj
c:\mygithub\jjm_dx11_2dgame\maplestoryengine\project\script\x64\release\cbossnpcscript.obj
c:\mygithub\jjm_dx11_2dgame\maplestoryengine\project\script\x64\release\cbuttonscript.obj
c:\mygithub\jjm_dx11_2dgame\maplestoryengine\project\script\x64\release\ccameramovescript.obj
c:\mygithub\jjm_dx11_2dgame\maplestoryengine\project\script\x64\release\ccloudscript.obj
c:\mygithub\jjm_dx11_2dgame\maplestoryengine\project\script\x64\release\cconsumescript.obj
c:\mygithub\jjm_dx11_2dgame\maplestoryengine\project\script\x64\release\ccursorscript.obj
c:\mygithub\jjm_dx11_2dgame\maplestoryengine\project\script\x64\release\cdamagescript.obj
c:\mygithub\jjm_dx11_2dgame\maplestoryengine\project\script\x64\release\cdeadstatescript.obj
c:\mygithub\jjm_dx11_2dgame\maplestoryengine\project\script\x64\release\cdienoticescript.obj
c:\mygithub\jjm_dx11_2dgame\maplestoryengine\project\script\x64\release\cdoublejumpscript.obj
c:\mygithub\jjm_dx11_2dgame\maplestoryengine\project\script\x64\release\cexpscript.obj
c:\mygithub\jjm_dx11_2dgame\maplestoryengine\project\script\x64\release\cgravityscript.obj
c:\mygithub\jjm_dx11_2dgame\maplestoryengine\project\script\x64\release\cgroundscript.obj
c:\mygithub\jjm_dx11_2dgame\maplestoryengine\project\script\x64\release\chitscript.obj
c:\mygithub\jjm_dx11_2dgame\maplestoryengine\project\script\x64\release\chpscript.obj
c:\mygithub\jjm_dx11_2dgame\maplestoryengine\project\script\x64\release\cidlestatescript.obj
c:\mygithub\jjm_dx11_2dgame\maplestoryengine\project\script\x64\release\cinventoryscript.obj
c:\mygithub\jjm_dx11_2dgame\maplestoryengine\project\script\x64\release\citemscript.obj
c:\mygithub\jjm_dx11_2dgame\maplestoryengine\project\script\x64\release\claunchskillscript.obj
c:\mygithub\jjm_dx11_2dgame\maplestoryengine\project\script\x64\release\cmainbarscript.obj
c:\mygithub\jjm_dx11_2dgame\maplestoryengine\project\script\x64\release\cmissilescript.obj
c:\mygithub\jjm_dx11_2dgame\maplestoryengine\project\script\x64\release\cmobgroundscript.obj
c:\mygithub\jjm_dx11_2dgame\maplestoryengine\project\script\x64\release\cmonsterfactoryscript.obj
c:\mygithub\jjm_dx11_2dgame\maplestoryengine\project\script\x64\release\cmonsterscript.obj
c:\mygithub\jjm_dx11_2dgame\maplestoryengine\project\script\x64\release\cmpscript.obj
c:\mygithub\jjm_dx11_2dgame\maplestoryengine\project\script\x64\release\cnumberscript.obj
c:\mygithub\jjm_dx11_2dgame\maplestoryengine\project\script\x64\release\cpaperburnscript.obj
c:\mygithub\jjm_dx11_2dgame\maplestoryengine\project\script\x64\release\cpatrolstatescript.obj
c:\mygithub\jjm_dx11_2dgame\maplestoryengine\project\script\x64\release\cplayerscript.obj
c:\mygithub\jjm_dx11_2dgame\maplestoryengine\project\script\x64\release\cportalscript.obj
c:\mygithub\jjm_dx11_2dgame\maplestoryengine\project\script\x64\release\cquickslotscript.obj
c:\mygithub\jjm_dx11_2dgame\maplestoryengine\project\script\x64\release\crigidbodyscript.obj
c:\mygithub\jjm_dx11_2dgame\maplestoryengine\project\script\x64\release\cropescript.obj
c:\mygithub\jjm_dx11_2dgame\maplestoryengine\project\script\x64\release\cscenesaveload.obj
c:\mygithub\jjm_dx11_2dgame\maplestoryengine\project\script\x64\release\cscenestartscript.obj
c:\mygithub\jjm_dx11_2dgame\maplestoryengine\project\script\x64\release\cscriptmgr.obj
c:\mygithub\jjm_dx11_2dgame\maplestoryengine\project\script\x64\release\cshowinfoscript.obj
c:\mygithub\jjm_dx11_2dgame\maplestoryengine\project\script\x64\release\cskillnearscript.obj
c:\mygithub\jjm_dx11_2dgame\maplestoryengine\project\script\x64\release\cskillscript.obj
c:\mygithub\jjm_dx11_2dgame\maplestoryengine\project\script\x64\release\cstatescript.obj
c:\mygithub\jjm_dx11_2dgame\maplestoryengine\project\script\x64\release\cstatscript.obj
c:\mygithub\jjm_dx11_2dgame\maplestoryengine\project\script\x64\release\ctimerscript.obj
c:\mygithub\jjm_dx11_2dgame\maplestoryengine\project\script\x64\release\ctracestatescript.obj
c:\mygithub\jjm_dx11_2dgame\maplestoryengine\project\script\x64\release\cwallscript.obj
c:\mygithub\jjm_dx11_2dgame\maplestoryengine\project\script\x64\release\pch.obj
c:\mygithub\jjm_dx11_2dgame\maplestoryengine\project\script\x64\release\script.obj
c:\mygithub\jjm_dx11_2dgame\maplestoryengine\external\library\script\script.lib
c:\mygithub\jjm_dx11_2dgame\maplestoryengine\project\script\x64\release\script.tlog\cl.command.1.tlog
c:\mygithub\jjm_dx11_2dgame\maplestoryengine\project\script\x64\release\script.tlog\cl.read.1.tlog
c:\mygithub\jjm_dx11_2dgame\maplestoryengine\project\script\x64\release\script.tlog\cl.write.1.tlog
c:\mygithub\jjm_dx11_2dgame\maplestoryengine\project\script\x64\release\script.tlog\lib-link.read.1.tlog
c:\mygithub\jjm_dx11_2dgame\maplestoryengine\project\script\x64\release\script.tlog\lib-link.write.1.tlog
c:\mygithub\jjm_dx11_2dgame\maplestoryengine\project\script\x64\release\script.tlog\lib.command.1.tlog
