c:\mygithub\jjm_dx11_2dgame\maplestoryengine\project\client\x64\release\client.pch
c:\mygithub\jjm_dx11_2dgame\maplestoryengine\project\client\x64\release\vc142.pdb
c:\mygithub\jjm_dx11_2dgame\maplestoryengine\project\client\x64\release\pch.obj
c:\mygithub\jjm_dx11_2dgame\maplestoryengine\project\client\x64\release\imgui_tables.obj
c:\mygithub\jjm_dx11_2dgame\maplestoryengine\project\client\x64\release\imgui_stdlib.obj
c:\mygithub\jjm_dx11_2dgame\maplestoryengine\project\client\x64\release\imgui_impl_win32.obj
c:\mygithub\jjm_dx11_2dgame\maplestoryengine\project\client\x64\release\imgui_impl_dx11.obj
c:\mygithub\jjm_dx11_2dgame\maplestoryengine\project\client\x64\release\imgui_draw.obj
c:\mygithub\jjm_dx11_2dgame\maplestoryengine\project\client\x64\release\imgui_demo.obj
c:\mygithub\jjm_dx11_2dgame\maplestoryengine\project\client\x64\release\imgui.obj
c:\mygithub\jjm_dx11_2dgame\maplestoryengine\project\client\x64\release\graphicsshaderui.obj
c:\mygithub\jjm_dx11_2dgame\maplestoryengine\project\client\x64\release\damageparticleui.obj
c:\mygithub\jjm_dx11_2dgame\maplestoryengine\project\client\x64\release\ctoolobjmgr.obj
c:\mygithub\jjm_dx11_2dgame\maplestoryengine\project\client\x64\release\ctestscene.obj
c:\mygithub\jjm_dx11_2dgame\maplestoryengine\project\client\x64\release\computeshaderui.obj
c:\mygithub\jjm_dx11_2dgame\maplestoryengine\project\client\x64\release\componentui.obj
c:\mygithub\jjm_dx11_2dgame\maplestoryengine\project\client\x64\release\collider2dui.obj
c:\mygithub\jjm_dx11_2dgame\maplestoryengine\project\client\x64\release\cimguimgr.obj
c:\mygithub\jjm_dx11_2dgame\maplestoryengine\project\client\x64\release\cgameobjectex.obj
c:\mygithub\jjm_dx11_2dgame\maplestoryengine\project\client\x64\release\ceditorcamscript.obj
c:\mygithub\jjm_dx11_2dgame\maplestoryengine\project\client\x64\release\ccameraex.obj
c:\mygithub\jjm_dx11_2dgame\maplestoryengine\project\client\x64\release\cameraui.obj
c:\mygithub\jjm_dx11_2dgame\maplestoryengine\project\client\x64\release\animator2dui.obj
c:\mygithub\jjm_dx11_2dgame\maplestoryengine\project\client\x64\release\transformui.obj
c:\mygithub\jjm_dx11_2dgame\maplestoryengine\project\client\x64\release\tilemapui.obj
c:\mygithub\jjm_dx11_2dgame\maplestoryengine\project\client\x64\release\textureui.obj
c:\mygithub\jjm_dx11_2dgame\maplestoryengine\project\client\x64\release\scriptui.obj
c:\mygithub\jjm_dx11_2dgame\maplestoryengine\project\client\x64\release\sceneoutlinertool.obj
c:\mygithub\jjm_dx11_2dgame\maplestoryengine\project\client\x64\release\sceneoutliner.obj
c:\mygithub\jjm_dx11_2dgame\maplestoryengine\project\client\x64\release\resourceui.obj
c:\mygithub\jjm_dx11_2dgame\maplestoryengine\project\client\x64\release\resinfoui.obj
c:\mygithub\jjm_dx11_2dgame\maplestoryengine\project\client\x64\release\prefabui.obj
c:\mygithub\jjm_dx11_2dgame\maplestoryengine\project\client\x64\release\particlesystemui.obj
c:\mygithub\jjm_dx11_2dgame\maplestoryengine\project\client\x64\release\paramui.obj
c:\mygithub\jjm_dx11_2dgame\maplestoryengine\project\client\x64\release\meshui.obj
c:\mygithub\jjm_dx11_2dgame\maplestoryengine\project\client\x64\release\meshrenderui.obj
c:\mygithub\jjm_dx11_2dgame\maplestoryengine\project\client\x64\release\menuui.obj
c:\mygithub\jjm_dx11_2dgame\maplestoryengine\project\client\x64\release\materialui.obj
c:\mygithub\jjm_dx11_2dgame\maplestoryengine\project\client\x64\release\main.obj
c:\mygithub\jjm_dx11_2dgame\maplestoryengine\project\client\x64\release\listui.obj
c:\mygithub\jjm_dx11_2dgame\maplestoryengine\project\client\x64\release\light2dui.obj
c:\mygithub\jjm_dx11_2dgame\maplestoryengine\project\client\x64\release\inspectorui.obj
c:\mygithub\jjm_dx11_2dgame\maplestoryengine\project\client\x64\release\imgui_widgets.obj
c:\mygithub\jjm_dx11_2dgame\maplestoryengine\project\client\x64\release\ui.obj
c:\mygithub\jjm_dx11_2dgame\maplestoryengine\project\client\x64\release\treeui.obj
c:\mygithub\jjm_dx11_2dgame\maplestoryengine\project\client\x64\release\client.res
c:\mygithub\jjm_dx11_2dgame\maplestoryengine\outputfile\bin\client.exe
c:\mygithub\jjm_dx11_2dgame\maplestoryengine\project\client\x64\release\client.tlog\cl.command.1.tlog
c:\mygithub\jjm_dx11_2dgame\maplestoryengine\project\client\x64\release\client.tlog\cl.read.1.tlog
c:\mygithub\jjm_dx11_2dgame\maplestoryengine\project\client\x64\release\client.tlog\cl.write.1.tlog
c:\mygithub\jjm_dx11_2dgame\maplestoryengine\project\client\x64\release\client.tlog\link.command.1.tlog
c:\mygithub\jjm_dx11_2dgame\maplestoryengine\project\client\x64\release\client.tlog\rc.command.1.tlog
c:\mygithub\jjm_dx11_2dgame\maplestoryengine\project\client\x64\release\client.tlog\rc.read.1.tlog
c:\mygithub\jjm_dx11_2dgame\maplestoryengine\project\client\x64\release\client.tlog\rc.write.1.tlog
