c:\mygithub\jjm_dx11_2dgame\maplestoryengine\project\engine\engine\x64\release\engine.pch
c:\mygithub\jjm_dx11_2dgame\maplestoryengine\external\library\engine\engine.pdb
c:\mygithub\jjm_dx11_2dgame\maplestoryengine\project\engine\engine\x64\release\pch.obj
c:\mygithub\jjm_dx11_2dgame\maplestoryengine\project\engine\engine\x64\release\clight2d.obj
c:\mygithub\jjm_dx11_2dgame\maplestoryengine\project\engine\engine\x64\release\clayerfile.obj
c:\mygithub\jjm_dx11_2dgame\maplestoryengine\project\engine\engine\x64\release\clayer.obj
c:\mygithub\jjm_dx11_2dgame\maplestoryengine\project\engine\engine\x64\release\ckeymgr.obj
c:\mygithub\jjm_dx11_2dgame\maplestoryengine\project\engine\engine\x64\release\cgraphicsshader.obj
c:\mygithub\jjm_dx11_2dgame\maplestoryengine\project\engine\engine\x64\release\cgameobject.obj
c:\mygithub\jjm_dx11_2dgame\maplestoryengine\project\engine\engine\x64\release\ceventmgr.obj
c:\mygithub\jjm_dx11_2dgame\maplestoryengine\project\engine\engine\x64\release\centity.obj
c:\mygithub\jjm_dx11_2dgame\maplestoryengine\project\engine\engine\x64\release\cdevice.obj
c:\mygithub\jjm_dx11_2dgame\maplestoryengine\project\engine\engine\x64\release\cdamageparticleshader.obj
c:\mygithub\jjm_dx11_2dgame\maplestoryengine\project\engine\engine\x64\release\cdamageparticle.obj
c:\mygithub\jjm_dx11_2dgame\maplestoryengine\project\engine\engine\x64\release\ccore.obj
c:\mygithub\jjm_dx11_2dgame\maplestoryengine\project\engine\engine\x64\release\cconstbuffer.obj
c:\mygithub\jjm_dx11_2dgame\maplestoryengine\project\engine\engine\x64\release\ccomputeshader.obj
c:\mygithub\jjm_dx11_2dgame\maplestoryengine\project\engine\engine\x64\release\ccomponent.obj
c:\mygithub\jjm_dx11_2dgame\maplestoryengine\project\engine\engine\x64\release\ccollisionmgr.obj
c:\mygithub\jjm_dx11_2dgame\maplestoryengine\project\engine\engine\x64\release\ccollider2d.obj
c:\mygithub\jjm_dx11_2dgame\maplestoryengine\project\engine\engine\x64\release\ccamera.obj
c:\mygithub\jjm_dx11_2dgame\maplestoryengine\project\engine\engine\x64\release\canimator2d.obj
c:\mygithub\jjm_dx11_2dgame\maplestoryengine\project\engine\engine\x64\release\canimation2d.obj
c:\mygithub\jjm_dx11_2dgame\maplestoryengine\project\engine\engine\x64\release\cstructuredbuffer.obj
c:\mygithub\jjm_dx11_2dgame\maplestoryengine\project\engine\engine\x64\release\csound.obj
c:\mygithub\jjm_dx11_2dgame\maplestoryengine\project\engine\engine\x64\release\cshader.obj
c:\mygithub\jjm_dx11_2dgame\maplestoryengine\project\engine\engine\x64\release\cscript.obj
c:\mygithub\jjm_dx11_2dgame\maplestoryengine\project\engine\engine\x64\release\cscenemgr.obj
c:\mygithub\jjm_dx11_2dgame\maplestoryengine\project\engine\engine\x64\release\cscenefile.obj
c:\mygithub\jjm_dx11_2dgame\maplestoryengine\project\engine\engine\x64\release\cscene.obj
c:\mygithub\jjm_dx11_2dgame\maplestoryengine\project\engine\engine\x64\release\cresmgr_init.obj
c:\mygithub\jjm_dx11_2dgame\maplestoryengine\project\engine\engine\x64\release\cresmgr.obj
c:\mygithub\jjm_dx11_2dgame\maplestoryengine\project\engine\engine\x64\release\cres.obj
c:\mygithub\jjm_dx11_2dgame\maplestoryengine\project\engine\engine\x64\release\crendermgr_init.obj
c:\mygithub\jjm_dx11_2dgame\maplestoryengine\project\engine\engine\x64\release\crendermgr.obj
c:\mygithub\jjm_dx11_2dgame\maplestoryengine\project\engine\engine\x64\release\crendercomponent.obj
c:\mygithub\jjm_dx11_2dgame\maplestoryengine\project\engine\engine\x64\release\cprefab.obj
c:\mygithub\jjm_dx11_2dgame\maplestoryengine\project\engine\engine\x64\release\cpathmgr.obj
c:\mygithub\jjm_dx11_2dgame\maplestoryengine\project\engine\engine\x64\release\cparticlesystem.obj
c:\mygithub\jjm_dx11_2dgame\maplestoryengine\project\engine\engine\x64\release\cparticleupdateshader.obj
c:\mygithub\jjm_dx11_2dgame\maplestoryengine\project\engine\engine\x64\release\cmeshrender.obj
c:\mygithub\jjm_dx11_2dgame\maplestoryengine\project\engine\engine\x64\release\cmesh.obj
c:\mygithub\jjm_dx11_2dgame\maplestoryengine\project\engine\engine\x64\release\cmaterial.obj
c:\mygithub\jjm_dx11_2dgame\maplestoryengine\project\engine\engine\x64\release\func.obj
c:\mygithub\jjm_dx11_2dgame\maplestoryengine\project\engine\engine\x64\release\extern.obj
c:\mygithub\jjm_dx11_2dgame\maplestoryengine\project\engine\engine\x64\release\engine.obj
c:\mygithub\jjm_dx11_2dgame\maplestoryengine\project\engine\engine\x64\release\ctransform.obj
c:\mygithub\jjm_dx11_2dgame\maplestoryengine\project\engine\engine\x64\release\ctimemgr.obj
c:\mygithub\jjm_dx11_2dgame\maplestoryengine\project\engine\engine\x64\release\ctilemap.obj
c:\mygithub\jjm_dx11_2dgame\maplestoryengine\project\engine\engine\x64\release\ctexture.obj
c:\mygithub\jjm_dx11_2dgame\maplestoryengine\project\engine\engine\x64\release\ctestshader.obj
c:\mygithub\jjm_dx11_2dgame\maplestoryengine\external\library\engine\damageparticle.cso
c:\mygithub\jjm_dx11_2dgame\maplestoryengine\external\library\engine\damagerender.cso
c:\mygithub\jjm_dx11_2dgame\maplestoryengine\external\library\engine\func.cso
c:\mygithub\jjm_dx11_2dgame\maplestoryengine\external\library\engine\engine.lib
c:\mygithub\jjm_dx11_2dgame\maplestoryengine\project\engine\engine\x64\release\engine.tlog\cl.command.1.tlog
c:\mygithub\jjm_dx11_2dgame\maplestoryengine\project\engine\engine\x64\release\engine.tlog\cl.read.1.tlog
c:\mygithub\jjm_dx11_2dgame\maplestoryengine\project\engine\engine\x64\release\engine.tlog\cl.write.1.tlog
c:\mygithub\jjm_dx11_2dgame\maplestoryengine\project\engine\engine\x64\release\engine.tlog\fxc.command.1.tlog
c:\mygithub\jjm_dx11_2dgame\maplestoryengine\project\engine\engine\x64\release\engine.tlog\fxc.read.1.tlog
c:\mygithub\jjm_dx11_2dgame\maplestoryengine\project\engine\engine\x64\release\engine.tlog\fxc.write.1.tlog
c:\mygithub\jjm_dx11_2dgame\maplestoryengine\project\engine\engine\x64\release\engine.tlog\lib-link.read.1.tlog
c:\mygithub\jjm_dx11_2dgame\maplestoryengine\project\engine\engine\x64\release\engine.tlog\lib-link.write.1.tlog
c:\mygithub\jjm_dx11_2dgame\maplestoryengine\project\engine\engine\x64\release\engine.tlog\lib.command.1.tlog
